


Timestamp : 30/05/2022, 01:50:28
-----------------WINDOW #0 CREATED of 15 records-----------------

    Open_time               Open     High      Low    Close    Volume  Close_time             Num_trades
--  -------------------  -------  -------  -------  -------  --------  -------------------  ------------
 0  2022-05-30 01:45:00  29146    29163.5  29146    29154.3  13.4872   2022-05-30 01:45:59           460
 1  2022-05-30 01:46:00  29154.3  29159.7  29154.3  29159.7   3.47612  2022-05-30 01:46:59           286
 2  2022-05-30 01:47:00  29159.7  29165.4  29148.9  29148.9   6.05985  2022-05-30 01:47:59           335
 3  2022-05-30 01:45:00  29146    29163.5  29146    29154.3  13.4872   2022-05-30 01:45:59           460
 4  2022-05-30 01:46:00  29154.3  29159.7  29154.3  29159.7   3.47612  2022-05-30 01:46:59           286
 5  2022-05-30 01:45:00  29146    29163.5  29146    29154.3  13.4872   2022-05-30 01:45:59           460
 6  2022-05-30 01:46:00  29154.3  29159.7  29154.3  29159.7   3.47612  2022-05-30 01:46:59           286
 7  2022-05-30 01:45:00  29146    29163.5  29146    29154.3  13.4872   2022-05-30 01:45:59           460
 8  2022-05-30 01:46:00  29154.3  29159.7  29154.3  29159.7   3.47612  2022-05-30 01:46:59           286
 9  2022-05-30 01:45:00  29146    29163.5  29146    29154.3  13.4872   2022-05-30 01:45:59           460
10  2022-05-30 01:46:00  29154.3  29159.7  29154.3  29159.7   3.47612  2022-05-30 01:46:59           286
11  2022-05-30 01:45:00  29146    29163.5  29146    29154.3  13.4872   2022-05-30 01:45:59           460
12  2022-05-30 01:46:00  29154.3  29159.7  29154.3  29159.7   3.47612  2022-05-30 01:46:59           286
13  2022-05-30 01:48:00  29149    29151.7  29140.7  29140.7   5.06614  2022-05-30 01:48:59           311
14  2022-05-30 01:49:00  29140.7  29140.7  29130.4  29130.4   4.86038  2022-05-30 01:49:59           276

Ensembled Model Performance (window #0) : 
	DecisionTreeRegressor
		R2 : -1.363  |  MSE:346.932  |  MAPE: 0.00049
	KNeighborsRegressor
		R2 : -1.126  |  MSE:312.074  |  MAPE: 0.00051
	LinearRegression
		R2 : 0.512  |  MSE:71.704  |  MAPE: 0.00023
	XGBRegressor
		R2 : -1.76  |  MSE:405.076  |  MAPE: 0.00055
	RandomForestRegressor
		R2 : -0.958  |  MSE:287.356  |  MAPE: 0.00046
	VotingRegressor
		R2 : -0.7  |  MSE:249.505  |  MAPE: 0.00044

New Ensembled Model Performance (#V0) : 
	VotingRegressor
		R2 : -0.712  |  MSE:251.308  |  MAPE: 0.00044



Timestamp : 30/05/2022, 02:05:05
-----------------WINDOW #1 CREATED of 15 records-----------------

    Open_time               Open     High      Low    Close    Volume  Close_time             Num_trades
--  -------------------  -------  -------  -------  -------  --------  -------------------  ------------
 0  2022-05-30 01:50:00  29130.4  29130.4  29130.4  29130.4   1.60885  2022-05-30 01:50:59           258
 1  2022-05-30 01:51:00  29130.4  29141    29130.4  29140.9  10.832    2022-05-30 01:51:59           333
 2  2022-05-30 01:52:00  29141    29141    29132    29132     6.45042  2022-05-30 01:52:59           218
 3  2022-05-30 01:53:00  29132    29147.6  29132    29147.6  10.4793   2022-05-30 01:53:59           385
 4  2022-05-30 01:54:00  29147.6  29147.6  29147.6  29147.6   3.87128  2022-05-30 01:54:59           275
 5  2022-05-30 01:55:00  29147.6  29147.7  29147.6  29147.7   1.99247  2022-05-30 01:55:59           197
 6  2022-05-30 01:56:00  29147.7  29150    29139.4  29143.8   6.55204  2022-05-30 01:56:59           335
 7  2022-05-30 01:57:00  29143.8  29155.1  29140.9  29155.1   6.19041  2022-05-30 01:57:59           318
 8  2022-05-30 01:58:00  29155.1  29168.1  29155.1  29157.9   7.30732  2022-05-30 01:58:59           413
 9  2022-05-30 01:59:00  29157.9  29157.9  29152.9  29152.9  10.0375   2022-05-30 01:59:59           288
10  2022-05-30 02:00:00  29152.9  29152.9  29152.9  29152.9   1.38254  2022-05-30 02:00:59           207
11  2022-05-30 02:01:00  29152.9  29152.9  29152.3  29152.3   3.81158  2022-05-30 02:01:59           235
12  2022-05-30 02:02:00  29152.3  29152.3  29150.5  29150.5   2.17319  2022-05-30 02:02:59           237
13  2022-05-30 02:03:00  29150.5  29150.5  29114.7  29114.7  22.4283   2022-05-30 02:03:59           553
14  2022-05-30 02:04:00  29114.7  29114.7  29091.7  29109.9  34.6585   2022-05-30 02:04:59           677

Ensembled Model Performance (window #1) : 
	DecisionTreeRegressor
		R2 : -0.845  |  MSE:604.149  |  MAPE: 0.00071
	KNeighborsRegressor
		R2 : -1.356  |  MSE:771.643  |  MAPE: 0.00083
	LinearRegression
		R2 : 0.742  |  MSE:84.433  |  MAPE: 0.00022
	XGBRegressor
		R2 : -0.524  |  MSE:499.207  |  MAPE: 0.00064
	RandomForestRegressor
		R2 : -0.783  |  MSE:583.891  |  MAPE: 0.00069
	VotingRegressor
		R2 : -0.07  |  MSE:350.424  |  MAPE: 0.00052

New Ensembled Model Performance (#V1) : 
	VotingRegressor
		R2 : -0.07  |  MSE:350.424  |  MAPE: 0.00052
